SYMBOL | TIMEFRAME | STATUS
----------------------------------------
[2025-12-27 15:26:03] ===== FETCHING 1d DATA =====
[2025-12-27 15:26:03] APOLLOTYRE | 1d | FROM 2025-12-27
[2025-12-27 15:26:04] APOLLOTYRE | 1d | UPDATED (1)
[2025-12-27 15:26:04] AWHCL | 1d | FROM 2025-12-27
[2025-12-27 15:26:04] AWHCL | 1d | UPDATED (1)
[2025-12-27 15:26:04] BGRENERGY | 1d | FROM 2025-12-27
[2025-12-27 15:26:04] BGRENERGY | 1d | UPDATED (1)
[2025-12-27 15:26:04] CENTENKA | 1d | FROM 2025-12-27
[2025-12-27 15:26:04] CENTENKA | 1d | UPDATED (1)
[2025-12-27 15:26:04] COSMOFIRST | 1d | FROM 2025-12-27
[2025-12-27 15:26:04] COSMOFIRST | 1d | UPDATED (1)
[2025-12-27 15:26:04] DSSL | 1d | FROM 2025-12-27
[2025-12-27 15:26:05] DSSL | 1d | UPDATED (1)
[2025-12-27 15:26:05] ELGIRUBCO | 1d | FROM 2025-12-27
[2025-12-27 15:26:05] ELGIRUBCO | 1d | UPDATED (1)
[2025-12-27 15:26:05] GICHSGFIN | 1d | FROM 2025-12-27
[2025-12-27 15:26:05] GICHSGFIN | 1d | UPDATED (1)
[2025-12-27 15:26:05] GUJALKALI | 1d | FROM 2025-12-27
[2025-12-27 15:26:05] GUJALKALI | 1d | UPDATED (1)
[2025-12-27 15:26:05] JCHAC | 1d | FROM 2025-12-27
[2025-12-27 15:26:06] JCHAC | 1d | NO NEW DATA
[2025-12-27 15:26:06] KMSUGAR | 1d | FROM 2025-12-27
[2025-12-27 15:26:06] KMSUGAR | 1d | UPDATED (1)
[2025-12-27 15:26:06] LGBBROSLTD | 1d | FROM 2025-12-27
[2025-12-27 15:26:06] LGBBROSLTD | 1d | UPDATED (1)
[2025-12-27 15:26:06] NIITLTD | 1d | FROM 2025-12-27
[2025-12-27 15:26:06] NIITLTD | 1d | UPDATED (1)
[2025-12-27 15:26:06] NILKAMAL | 1d | FROM 2025-12-27
[2025-12-27 15:26:06] NILKAMAL | 1d | UPDATED (1)
[2025-12-27 15:26:06] SREEL | 1d | FROM 2025-12-27
[2025-12-27 15:26:07] SREEL | 1d | UPDATED (1)
[2025-12-27 15:26:07] UMESLTD | 1d | FROM 2025-12-27
[2025-12-27 15:26:07] UMESLTD | 1d | UPDATED (1)
[2025-12-27 15:26:07] USHAMART | 1d | FROM 2025-12-27
[2025-12-27 15:26:07] USHAMART | 1d | UPDATED (1)
[2025-12-27 15:26:07] VINYLINDIA | 1d | FROM 2025-12-27
[2025-12-27 15:26:07] VINYLINDIA | 1d | UPDATED (1)
[2025-12-27 15:26:07] ===== FETCHING 1wk DATA =====
[2025-12-27 15:26:07] APOLLOTYRE | 1wk | FROM 2025-12-17
[2025-12-27 15:26:07] APOLLOTYRE | 1wk | UPDATED (2)
[2025-12-27 15:26:07] AWHCL | 1wk | FROM 2025-12-20
[2025-12-27 15:26:08] AWHCL | 1wk | UPDATED (1)
[2025-12-27 15:26:08] BGRENERGY | 1wk | FROM 2025-12-17
[2025-12-27 15:26:08] BGRENERGY | 1wk | UPDATED (2)
[2025-12-27 15:26:08] CENTENKA | 1wk | FROM 2025-12-20
[2025-12-27 15:26:08] CENTENKA | 1wk | UPDATED (1)
[2025-12-27 15:26:08] COSMOFIRST | 1wk | FROM 2025-12-20
[2025-12-27 15:26:08] COSMOFIRST | 1wk | UPDATED (1)
[2025-12-27 15:26:08] DSSL | 1wk | FROM 2025-12-17
[2025-12-27 15:26:08] DSSL | 1wk | UPDATED (2)
[2025-12-27 15:26:08] ELGIRUBCO | 1wk | FROM 2025-12-17
[2025-12-27 15:26:08] ELGIRUBCO | 1wk | UPDATED (2)
[2025-12-27 15:26:08] GICHSGFIN | 1wk | FROM 2025-12-20
[2025-12-27 15:26:09] GICHSGFIN | 1wk | UPDATED (1)
[2025-12-27 15:26:09] GUJALKALI | 1wk | FROM 2025-12-20
[2025-12-27 15:26:09] GUJALKALI | 1wk | UPDATED (1)
[2025-12-27 15:26:09] JCHAC | 1wk | FROM 2025-12-20
[2025-12-27 15:26:09] JCHAC | 1wk | UPDATED (1)
[2025-12-27 15:26:09] KMSUGAR | 1wk | FROM 2025-12-17
[2025-12-27 15:26:09] KMSUGAR | 1wk | UPDATED (2)
[2025-12-27 15:26:09] LGBBROSLTD | 1wk | FROM 2025-12-17
[2025-12-27 15:26:10] LGBBROSLTD | 1wk | UPDATED (2)
[2025-12-27 15:26:10] NIITLTD | 1wk | FROM 2025-12-17
[2025-12-27 15:26:10] NIITLTD | 1wk | UPDATED (2)
[2025-12-27 15:26:10] NILKAMAL | 1wk | FROM 2025-12-20
[2025-12-27 15:26:10] NILKAMAL | 1wk | UPDATED (1)
[2025-12-27 15:26:10] SREEL | 1wk | FROM 2025-12-18
[2025-12-27 15:26:10] SREEL | 1wk | UPDATED (2)
[2025-12-27 15:26:10] UMESLTD | 1wk | FROM 2025-12-17
[2025-12-27 15:26:10] UMESLTD | 1wk | UPDATED (2)
[2025-12-27 15:26:10] USHAMART | 1wk | FROM 2025-12-17
[2025-12-27 15:26:11] USHAMART | 1wk | UPDATED (2)
[2025-12-27 15:26:11] VINYLINDIA | 1wk | FROM 2025-12-17
[2025-12-27 15:26:11] VINYLINDIA | 1wk | UPDATED (2)
[2025-12-27 15:26:11] ===== FETCHING 1mo DATA =====
[2025-12-27 15:26:11] APOLLOTYRE | 1mo | FROM 2025-12-02
[2025-12-27 15:26:11] APOLLOTYRE | 1mo | NO NEW DATA
[2025-12-27 15:26:11] AWHCL | 1mo | FROM 2025-12-02
[2025-12-27 15:26:11] AWHCL | 1mo | NO NEW DATA
[2025-12-27 15:26:11] BGRENERGY | 1mo | FROM 2025-12-02
[2025-12-27 15:26:11] BGRENERGY | 1mo | NO NEW DATA
[2025-12-27 15:26:11] CENTENKA | 1mo | FROM 2025-12-02
[2025-12-27 15:26:12] CENTENKA | 1mo | NO NEW DATA
[2025-12-27 15:26:12] COSMOFIRST | 1mo | FROM 2025-12-02
[2025-12-27 15:26:12] COSMOFIRST | 1mo | NO NEW DATA
[2025-12-27 15:26:12] DSSL | 1mo | FROM 2025-12-02
[2025-12-27 15:26:12] DSSL | 1mo | NO NEW DATA
[2025-12-27 15:26:12] ELGIRUBCO | 1mo | FROM 2025-12-02
[2025-12-27 15:26:12] ELGIRUBCO | 1mo | NO NEW DATA
[2025-12-27 15:26:12] GICHSGFIN | 1mo | FROM 2025-12-02
[2025-12-27 15:26:13] GICHSGFIN | 1mo | NO NEW DATA
[2025-12-27 15:26:13] GUJALKALI | 1mo | FROM 2025-12-02
[2025-12-27 15:26:13] GUJALKALI | 1mo | NO NEW DATA
[2025-12-27 15:26:13] JCHAC | 1mo | FROM 2025-12-02
[2025-12-27 15:26:13] JCHAC | 1mo | NO NEW DATA
[2025-12-27 15:26:13] KMSUGAR | 1mo | FROM 2025-12-02
[2025-12-27 15:26:13] KMSUGAR | 1mo | NO NEW DATA
[2025-12-27 15:26:13] LGBBROSLTD | 1mo | FROM 2025-12-02
[2025-12-27 15:26:14] LGBBROSLTD | 1mo | NO NEW DATA
[2025-12-27 15:26:14] NIITLTD | 1mo | FROM 2025-12-02
[2025-12-27 15:26:14] NIITLTD | 1mo | NO NEW DATA
[2025-12-27 15:26:14] NILKAMAL | 1mo | FROM 2025-12-02
[2025-12-27 15:26:14] NILKAMAL | 1mo | NO NEW DATA
[2025-12-27 15:26:14] SREEL | 1mo | FROM 2025-12-02
[2025-12-27 15:26:14] SREEL | 1mo | NO NEW DATA
[2025-12-27 15:26:14] UMESLTD | 1mo | FROM 2025-12-02
[2025-12-27 15:26:14] UMESLTD | 1mo | NO NEW DATA
[2025-12-27 15:26:14] USHAMART | 1mo | FROM 2025-12-02
[2025-12-27 15:26:15] USHAMART | 1mo | NO NEW DATA
[2025-12-27 15:26:15] VINYLINDIA | 1mo | FROM 2025-12-02
[2025-12-27 15:26:15] VINYLINDIA | 1mo | NO NEW DATA
[2025-12-27 15:26:15] ✅ PRICE DATA UPDATE COMPLETED
